<?xml version="1.0" encoding="UTF-8"?>
<testng-results ignored="0" total="6" passed="6" failed="0" skipped="0">
  <reporter-output>
  </reporter-output>
  <suite started-at="2024-11-27T18:55:27 IST" name="Suite" finished-at="2024-11-27T18:56:42 IST" duration-ms="74248">
    <groups>
      <group name="cucumber">
        <method signature="AbstractTestNGCucumberTests.runScenario(io.cucumber.testng.PickleWrapper,io.cucumber.testng.FeatureWrapper)[pri:0, instance:TestRunner.CucumberTestRunner@3e96bacf]" name="runScenario" class="io.cucumber.testng.AbstractTestNGCucumberTests"/>
      </group> <!-- cucumber -->
    </groups>
    <test started-at="2024-11-27T18:55:27 IST" name="CucumberTest" finished-at="2024-11-27T18:56:42 IST" duration-ms="74248">
      <class name="TestRunner.CucumberTestRunner">
        <test-method is-config="true" signature="setUpClass(org.testng.ITestContext)[pri:0, instance:TestRunner.CucumberTestRunner@3e96bacf]" started-at="2024-11-27T18:55:28 IST" name="setUpClass" finished-at="2024-11-27T18:55:28 IST" duration-ms="484" status="PASS">
          <params>
            <param index="0">
              <value>
                <![CDATA[org.testng.TestRunner@7cd3e0da]]>
              </value>
            </param>
          </params>
          <reporter-output>
          </reporter-output>
        </test-method> <!-- setUpClass -->
        <test-method signature="runScenario(io.cucumber.testng.PickleWrapper,io.cucumber.testng.FeatureWrapper)[pri:0, instance:TestRunner.CucumberTestRunner@3e96bacf]" started-at="2024-11-27T18:55:28 IST" name="runScenario" description="Runs Cucumber Scenarios" data-provider="scenarios" finished-at="2024-11-27T18:55:37 IST" duration-ms="9339" status="PASS">
          <params>
            <param index="0">
              <value>
                <![CDATA["Verify "From" and "To" dropdowns on MakeMyTrip"]]>
              </value>
            </param>
            <param index="1">
              <value>
                <![CDATA["Cascading Dropdown Functionality"]]>
              </value>
            </param>
          </params>
          <reporter-output>
          </reporter-output>
        </test-method> <!-- runScenario -->
        <test-method signature="runScenario(io.cucumber.testng.PickleWrapper,io.cucumber.testng.FeatureWrapper)[pri:0, instance:TestRunner.CucumberTestRunner@3e96bacf]" started-at="2024-11-27T18:55:38 IST" name="runScenario" description="Runs Cucumber Scenarios" data-provider="scenarios" finished-at="2024-11-27T18:55:46 IST" duration-ms="8421" status="PASS">
          <params>
            <param index="0">
              <value>
                <![CDATA["Check Login is successful with valid credentials"]]>
              </value>
            </param>
            <param index="1">
              <value>
                <![CDATA["Login Page Automation"]]>
              </value>
            </param>
          </params>
          <reporter-output>
          </reporter-output>
        </test-method> <!-- runScenario -->
        <test-method signature="runScenario(io.cucumber.testng.PickleWrapper,io.cucumber.testng.FeatureWrapper)[pri:0, instance:TestRunner.CucumberTestRunner@3e96bacf]" started-at="2024-11-27T18:55:46 IST" name="runScenario" description="Runs Cucumber Scenarios" data-provider="scenarios" finished-at="2024-11-27T18:55:57 IST" duration-ms="10802" status="PASS">
          <params>
            <param index="0">
              <value>
                <![CDATA["Check Login is successful with valid credentials"]]>
              </value>
            </param>
            <param index="1">
              <value>
                <![CDATA["Login Page Automation"]]>
              </value>
            </param>
          </params>
          <reporter-output>
          </reporter-output>
        </test-method> <!-- runScenario -->
        <test-method signature="runScenario(io.cucumber.testng.PickleWrapper,io.cucumber.testng.FeatureWrapper)[pri:0, instance:TestRunner.CucumberTestRunner@3e96bacf]" started-at="2024-11-27T18:55:57 IST" name="runScenario" description="Runs Cucumber Scenarios" data-provider="scenarios" finished-at="2024-11-27T18:56:02 IST" duration-ms="5403" status="PASS">
          <params>
            <param index="0">
              <value>
                <![CDATA["Check Login is unsuccessful with invalid credentials"]]>
              </value>
            </param>
            <param index="1">
              <value>
                <![CDATA["Login Page Automation"]]>
              </value>
            </param>
          </params>
          <reporter-output>
          </reporter-output>
        </test-method> <!-- runScenario -->
        <test-method signature="runScenario(io.cucumber.testng.PickleWrapper,io.cucumber.testng.FeatureWrapper)[pri:0, instance:TestRunner.CucumberTestRunner@3e96bacf]" started-at="2024-11-27T18:56:02 IST" name="runScenario" description="Runs Cucumber Scenarios" data-provider="scenarios" finished-at="2024-11-27T18:56:11 IST" duration-ms="8445" status="PASS">
          <params>
            <param index="0">
              <value>
                <![CDATA["Check Login is unsuccessful with invalid credentials"]]>
              </value>
            </param>
            <param index="1">
              <value>
                <![CDATA["Login Page Automation"]]>
              </value>
            </param>
          </params>
          <reporter-output>
          </reporter-output>
        </test-method> <!-- runScenario -->
        <test-method signature="runScenario(io.cucumber.testng.PickleWrapper,io.cucumber.testng.FeatureWrapper)[pri:0, instance:TestRunner.CucumberTestRunner@3e96bacf]" started-at="2024-11-27T18:56:11 IST" name="runScenario" description="Runs Cucumber Scenarios" data-provider="scenarios" finished-at="2024-11-27T18:56:41 IST" duration-ms="30730" status="PASS">
          <params>
            <param index="0">
              <value>
                <![CDATA["Verify the total number of company names"]]>
              </value>
            </param>
            <param index="1">
              <value>
                <![CDATA["Get information of Dynamic Table"]]>
              </value>
            </param>
          </params>
          <reporter-output>
          </reporter-output>
        </test-method> <!-- runScenario -->
        <test-method is-config="true" signature="tearDownClass()[pri:0, instance:TestRunner.CucumberTestRunner@3e96bacf]" started-at="2024-11-27T18:56:41 IST" name="tearDownClass" finished-at="2024-11-27T18:56:42 IST" duration-ms="281" status="PASS">
          <reporter-output>
          </reporter-output>
        </test-method> <!-- tearDownClass -->
      </class> <!-- TestRunner.CucumberTestRunner -->
    </test> <!-- CucumberTest -->
  </suite> <!-- Suite -->
</testng-results>
